\BOOKMARK [0][-]{section*.2}{\376\377\000D\000e\000c\000l\000a\000r\000a\000c\000i\000\363\000n\000\040\000d\000e\000\040\000a\000u\000t\000o\000r\000\355\000a}{}% 1
\BOOKMARK [0][-]{section*.3}{\376\377\000R\000e\000s\000u\000m\000e\000n}{}% 2
\BOOKMARK [0][-]{section*.4}{\376\377\000A\000g\000r\000a\000d\000e\000c\000i\000m\000i\000e\000n\000t\000o\000s}{}% 3
\BOOKMARK [0][-]{chapter.10}{\376\377\000I\000n\000t\000r\000o\000d\000u\000c\000c\000i\000\363\000n}{}% 4
\BOOKMARK [1][-]{section.11}{\376\377\000J\000u\000s\000t\000i\000f\000i\000c\000a\000c\000i\000\363\000n}{chapter.10}% 5
\BOOKMARK [1][-]{section.12}{\376\377\000O\000b\000j\000e\000t\000i\000v\000o\000s}{chapter.10}% 6
\BOOKMARK [2][-]{subsection.13}{\376\377\000O\000b\000j\000e\000t\000i\000v\000o\000\040\000g\000e\000n\000e\000r\000a\000l}{section.12}% 7
\BOOKMARK [2][-]{subsection.14}{\376\377\000O\000b\000j\000e\000t\000i\000v\000o\000s\000\040\000e\000s\000p\000e\000c\000\355\000f\000i\000c\000o\000s}{section.12}% 8
\BOOKMARK [1][-]{section.15}{\376\377\000D\000i\000s\000e\000\361\000o\000\040\000d\000e\000\040\000l\000a\000\040\000i\000n\000v\000e\000s\000t\000i\000g\000a\000c\000i\000\363\000n}{chapter.10}% 9
\BOOKMARK [1][-]{section.17}{\376\377\000D\000o\000m\000i\000n\000i\000o\000\040\000d\000e\000\040\000l\000a\000\040\000p\000r\000o\000b\000l\000e\000m\000\341\000t\000i\000c\000a}{chapter.10}% 10
\BOOKMARK [0][-]{chapter.21}{\376\377\000M\000a\000r\000c\000o\000\040\000t\000e\000\363\000r\000i\000c\000o}{}% 11
\BOOKMARK [1][-]{section.22}{\376\377\000E\000v\000a\000l\000u\000a\000c\000i\000\363\000n\000\040\000b\000a\000s\000a\000d\000a\000\040\000e\000n\000\040\000c\000o\000m\000p\000e\000t\000e\000n\000c\000i\000a\000s}{chapter.21}% 12
\BOOKMARK [1][-]{section.23}{\376\377\000S\000i\000s\000t\000e\000m\000a\000s\000\040\000d\000e\000\040\000g\000e\000s\000t\000i\000\363\000n\000\040\000d\000e\000\040\000a\000p\000r\000e\000n\000d\000i\000z\000a\000j\000e\000s}{chapter.21}% 13
\BOOKMARK [1][-]{section.25}{\376\377\000S\000i\000s\000t\000e\000m\000a\000s\000\040\000d\000e\000\040\000g\000e\000s\000t\000i\000\363\000n\000\040\000d\000e\000\040\000e\000v\000a\000l\000u\000a\000c\000i\000\363\000n\000\040\000b\000a\000s\000a\000d\000a\000s\000\040\000e\000n\000\040\000c\000o\000m\000p\000e\000t\000e\000n\000c\000i\000a\000s}{chapter.21}% 14
\BOOKMARK [2][-]{subsection.26}{\376\377\000C\000a\000p\000a\000c\000i\000d\000a\000d\000\040\000d\000e\000\040\000e\000v\000a\000l\000u\000a\000c\000i\000\363\000n}{section.25}% 15
\BOOKMARK [2][-]{subsection.27}{\376\377\000A\000l\000i\000n\000e\000a\000c\000i\000\363\000n\000\040\000d\000e\000\040\000c\000a\000p\000a\000c\000i\000d\000a\000d\000e\000s}{section.25}% 16
\BOOKMARK [1][-]{section.28}{\376\377\000D\000i\000f\000e\000r\000e\000n\000c\000i\000a\000s\000\040\000e\000n\000t\000r\000e\000\040\000L\000M\000S\000\040\000y\000\040\000A\000M\000S}{chapter.21}% 17
\BOOKMARK [1][-]{section.30}{\376\377\000P\000r\000o\000g\000r\000a\000m\000a\000s\000\040\000d\000e\000\040\000e\000s\000t\000u\000d\000i\000o}{chapter.21}% 18
\BOOKMARK [2][-]{subsection.31}{\376\377\000P\000r\000o\000c\000e\000s\000o\000\040\000c\000u\000r\000r\000i\000c\000u\000l\000a\000r}{section.30}% 19
\BOOKMARK [1][-]{section.32}{\376\377\000S\000i\000s\000t\000e\000m\000a\000s\000\040\000d\000e\000\040\000g\000e\000s\000t\000i\000\363\000n\000\040\000c\000u\000r\000r\000i\000c\000u\000l\000a\000r}{chapter.21}% 20
\BOOKMARK [1][-]{section.35}{\376\377\000A\000p\000l\000i\000c\000a\000c\000i\000o\000n\000e\000s\000\040\000w\000e\000b}{chapter.21}% 21
\BOOKMARK [1][-]{section.36}{\376\377\000C\000l\000o\000u\000d\000\040\000c\000o\000m\000p\000u\000t\000i\000n\000g}{chapter.21}% 22
\BOOKMARK [1][-]{section.38}{\376\377\000S\000o\000f\000t\000w\000a\000r\000e\000\040\000a\000s\000\040\000a\000\040\000s\000e\000r\000v\000i\000c\000e}{chapter.21}% 23
\BOOKMARK [2][-]{subsection.39}{\376\377\000C\000a\000r\000a\000c\000t\000e\000r\000\355\000s\000t\000i\000c\000a\000s}{section.38}% 24
\BOOKMARK [3][-]{subsubsection.40}{\376\377\000C\000o\000n\000f\000i\000g\000u\000r\000a\000b\000i\000l\000i\000d\000a\000d}{subsection.39}% 25
\BOOKMARK [3][-]{subsubsection.41}{\376\377\000M\000u\000l\000t\000i\000t\000e\000n\000a\000n\000c\000y}{subsection.39}% 26
\BOOKMARK [3][-]{subsubsection.42}{\376\377\000E\000s\000c\000a\000l\000a\000b\000i\000l\000i\000d\000a\000d}{subsection.39}% 27
\BOOKMARK [2][-]{subsection.43}{\376\377\000V\000e\000n\000t\000a\000j\000a\000s}{section.38}% 28
\BOOKMARK [1][-]{section.44}{\376\377\000M\000e\000t\000o\000d\000o\000l\000o\000g\000\355\000a\000\040\000\341\000g\000i\000l\000\040\000d\000e\000\040\000d\000e\000s\000a\000r\000r\000o\000l\000l\000o\000\040\000d\000e\000\040\000s\000o\000f\000t\000w\000a\000r\000e}{chapter.21}% 29
\BOOKMARK [2][-]{subsection.45}{\376\377\000H\000i\000s\000t\000o\000r\000i\000a\000s\000\040\000d\000e\000\040\000u\000s\000u\000a\000r\000i\000o}{section.44}% 30
\BOOKMARK [2][-]{subsection.47}{\376\377\000\311\000p\000i\000c\000a\000s}{section.44}% 31
\BOOKMARK [1][-]{section.48}{\376\377\000I\000n\000t\000e\000r\000a\000c\000c\000i\000\363\000n\000\040\000h\000u\000m\000a\000n\000o\000-\000c\000o\000m\000p\000u\000t\000a\000d\000o\000r}{chapter.21}% 32
\BOOKMARK [0][-]{chapter.50}{\376\377\000E\000s\000t\000a\000d\000o\000\040\000d\000e\000l\000\040\000a\000r\000t\000e}{}% 33
\BOOKMARK [1][-]{section.51}{\376\377\000C\000u\000r\000r\000i\000c\000U\000N\000E\000T}{chapter.50}% 34
\BOOKMARK [1][-]{section.52}{\376\377\000C\000o\000u\000r\000s\000e\000l\000e\000a\000f}{chapter.50}% 35
\BOOKMARK [1][-]{section.53}{\376\377\000D\000E\000C\000A\000:\000\040\000C\000u\000r\000r\000i\000c\000u\000l\000u\000m\000\040\000N\000a\000v\000i\000g\000a\000t\000o\000r}{chapter.50}% 36
\BOOKMARK [1][-]{section.54}{\376\377\000C\000o\000m\000p\000a\000r\000a\000c\000i\000\363\000n\000\040\000e\000n\000t\000r\000e\000\040\000p\000l\000a\000t\000a\000f\000o\000r\000m\000a\000s}{chapter.50}% 37
\BOOKMARK [0][-]{chapter.56}{\376\377\000C\000a\000s\000o\000\040\000d\000e\000\040\000e\000s\000t\000u\000d\000i\000o\000\040\000y\000\040\000o\000b\000s\000e\000r\000v\000a\000c\000i\000\363\000n\000\040\000p\000a\000r\000t\000i\000c\000i\000p\000a\000n\000t\000e}{}% 38
\BOOKMARK [1][-]{section.57}{\376\377\000C\000a\000s\000o\000\040\000d\000e\000\040\000e\000s\000t\000u\000d\000i\000o\000\040\000c\000o\000n\000\040\000e\000n\000f\000o\000q\000u\000e\000\040\000e\000n\000\040\000i\000n\000g\000e\000n\000i\000e\000r\000\355\000a\000\040\000d\000e\000\040\000s\000o\000f\000t\000w\000a\000r\000e}{chapter.56}% 39
\BOOKMARK [1][-]{section.58}{\376\377\000C\000a\000s\000o\000\040\000d\000e\000\040\000e\000s\000t\000u\000d\000i\000o\000\040\000c\000o\000n\000\040\000e\000n\000f\000o\000q\000u\000e\000\040\000e\000n\000\040\000i\000n\000t\000e\000r\000a\000c\000c\000i\000\363\000n\000\040\000h\000u\000m\000a\000n\000o\000\040\000c\000o\000m\000p\000u\000t\000a\000d\000o\000r}{chapter.56}% 40
\BOOKMARK [1][-]{section.59}{\376\377\000C\000a\000s\000o\000\040\000d\000e\000\040\000e\000s\000t\000u\000d\000i\000o\000\040\000c\000o\000n\000\040\000e\000n\000f\000o\000q\000u\000e\000\040\000d\000e\000\040\000o\000b\000s\000e\000r\000v\000a\000c\000i\000\363\000n\000\040\000p\000a\000r\000t\000i\000c\000i\000p\000a\000n\000t\000e}{chapter.56}% 41
\BOOKMARK [0][-]{chapter.60}{\376\377\000P\000r\000o\000p\000u\000e\000s\000t\000a\000\040\000d\000e\000\040\000s\000o\000l\000u\000c\000i\000\363\000n}{}% 42
\BOOKMARK [1][-]{section.61}{\376\377\000M\000o\000d\000e\000l\000o\000\040\000d\000e\000\040\000a\000r\000q\000u\000i\000t\000e\000c\000t\000u\000r\000a\000\040\000d\000e\000\040\000m\000\363\000d\000u\000l\000o}{chapter.60}% 43
\BOOKMARK [1][-]{section.62}{\376\377\000R\000e\000q\000u\000e\000r\000i\000m\000i\000e\000n\000t\000o\000s\000\040\000n\000o\000\040\000f\000u\000n\000c\000i\000o\000n\000a\000l\000e\000s}{chapter.60}% 44
\BOOKMARK [2][-]{subsection.63}{\376\377\000J\000a\000v\000a}{section.62}% 45
\BOOKMARK [2][-]{subsection.65}{\376\377\000M\000y\000S\000Q\000L}{section.62}% 46
\BOOKMARK [2][-]{subsection.68}{\376\377\000N\000o\000S\000Q\000L}{section.62}% 47
\BOOKMARK [2][-]{subsection.69}{\376\377\000A\000m\000a\000z\000o\000n\000\040\000W\000e\000b\000\040\000S\000e\000r\000v\000i\000c\000e\000s}{section.62}% 48
\BOOKMARK [2][-]{subsection.71}{\376\377\000G\000i\000t}{section.62}% 49
\BOOKMARK [2][-]{subsection.73}{\376\377\000S\000p\000r\000i\000n\000g}{section.62}% 50
\BOOKMARK [2][-]{subsection.74}{\376\377\000A\000n\000g\000u\000l\000a\000r\000J\000S}{section.62}% 51
\BOOKMARK [1][-]{section.75}{\376\377\000D\000i\000s\000e\000\361\000o}{chapter.60}% 52
\BOOKMARK [2][-]{subsection.77}{\376\377\000S\000C\000R\000U\000M}{section.75}% 53
\BOOKMARK [2][-]{subsection.78}{\376\377\000P\000r\000o\000c\000e\000s\000o}{section.75}% 54
\BOOKMARK [2][-]{subsection.80}{\376\377\000P\000l\000a\000n\000i\000f\000i\000c\000a\000c\000i\000\363\000n\000\040\000d\000e\000\040\000i\000t\000e\000r\000a\000c\000i\000o\000n\000e\000s}{section.75}% 55
\BOOKMARK [2][-]{subsection.81}{\376\377\000E\000j\000e\000c\000u\000c\000i\000\363\000n\000\040\000d\000e\000l\000\040\000S\000p\000r\000i\000n\000t}{section.75}% 56
\BOOKMARK [2][-]{subsection.82}{\376\377\000I\000n\000s\000p\000e\000c\000c\000i\000\363\000n\000\040\000y\000\040\000a\000d\000a\000p\000t\000a\000c\000i\000\363\000n}{section.75}% 57
\BOOKMARK [0][-]{chapter.83}{\376\377\000D\000e\000s\000a\000r\000r\000o\000l\000l\000o\000\040\000d\000e\000\040\000l\000a\000\040\000a\000p\000l\000i\000c\000a\000c\000i\000\363\000n}{}% 58
\BOOKMARK [1][-]{section.84}{\376\377\000A\000n\000\341\000l\000i\000s\000i\000s\000\040\000d\000e\000\040\000h\000e\000r\000r\000a\000m\000i\000e\000n\000t\000a\000s\000\040\000u\000t\000i\000l\000i\000z\000a\000d\000a\000s\000\040\000y\000\040\000p\000o\000s\000i\000b\000l\000e\000s\000\040\000p\000o\000t\000e\000n\000c\000i\000a\000l\000e\000s\000\040\000p\000a\000r\000a\000\040\000e\000l\000\040\000d\000e\000s\000a\000r\000r\000o\000l\000l\000o\000\040\000d\000e\000l\000\040\000m\000\363\000d\000u\000l\000o}{chapter.83}% 59
\BOOKMARK [1][-]{section.85}{\376\377\000D\000i\000s\000e\000\361\000o\000\040\000d\000e\000\040\000m\000o\000d\000e\000l\000o\000\040\000d\000e\000\040\000d\000a\000t\000o\000s\000\040\000p\000a\000r\000a\000\040\000v\000e\000r\000s\000i\000o\000n\000a\000m\000i\000e\000n\000t\000o\000\040\000d\000e\000\040\000c\000o\000m\000p\000e\000t\000e\000n\000c\000i\000a\000s\000,\000\040\000c\000u\000r\000s\000o\000s\000\040\000y\000\040\000p\000r\000o\000g\000r\000a\000m\000a\000s}{chapter.83}% 60
\BOOKMARK [2][-]{subsection.86}{\376\377\000C\000o\000u\000r\000s\000e\000,\000\040\000S\000L\000O\000\040\000a\000n\000d\000\040\000A\000s\000s\000e\000s\000s\000m\000e\000n\000t\000\040\000v\000e\000r\000s\000i\000o\000n\000i\000n\000g\000\040\000d\000e\000s\000i\000g\000n\000\040\000s\000p\000i\000k\000e}{section.85}% 61
\BOOKMARK [1][-]{section.87}{\376\377\000F\000l\000u\000j\000o\000\040\000d\000e\000\040\000t\000r\000a\000b\000a\000j\000o\000\040\000p\000a\000r\000a\000\040\000e\000l\000\040\000v\000e\000r\000s\000i\000o\000n\000a\000m\000i\000e\000n\000t\000o\000\040\000d\000e\000\040\000c\000o\000m\000p\000e\000t\000e\000n\000c\000i\000a\000s}{chapter.83}% 62
\BOOKMARK [2][-]{subsection.88}{\376\377\000S\000L\000O\000\040\000V\000e\000r\000s\000i\000o\000n\000i\000n\000g}{section.87}% 63
\BOOKMARK [2][-]{subsection.89}{\376\377\000S\000i\000m\000p\000l\000e\000\040\000W\000o\000r\000k\000f\000l\000o\000w\000\040\000w\000i\000t\000h\000\040\000S\000e\000r\000i\000a\000l\000i\000z\000e\000r}{section.87}% 64
\BOOKMARK [2][-]{subsection.90}{\376\377\000A\000p\000p\000r\000o\000v\000a\000l\000\040\000W\000o\000r\000k\000f\000l\000o\000w\000\040\000E\000x\000e\000c\000u\000t\000i\000o\000n\000\040\000f\000o\000r\000\040\000S\000L\000O\000s}{section.87}% 65
\BOOKMARK [2][-]{subsection.91}{\376\377\000R\000e\000j\000e\000c\000t\000\040\000W\000o\000r\000k\000f\000l\000o\000w\000\040\000S\000t\000e\000p\000s}{section.87}% 66
\BOOKMARK [1][-]{section.92}{\376\377\000B\000u\000z\000\363\000n\000\040\000d\000e\000\040\000e\000n\000t\000r\000a\000d\000a\000\040\000p\000a\000r\000a\000\040\000e\000v\000a\000l\000u\000a\000d\000o\000r\000e\000s\000\040\000y\000\040\000c\000o\000l\000a\000b\000o\000r\000a\000d\000o\000r\000e\000s\000\040\000d\000e\000l\000\040\000f\000l\000u\000j\000o\000\040\000d\000e\000\040\000t\000r\000a\000b\000a\000j\000o}{chapter.83}% 67
\BOOKMARK [2][-]{subsection.93}{\376\377\000W\000o\000r\000k\000f\000l\000o\000w\000\040\000Q\000u\000e\000u\000e\000\040\000V\000i\000s\000i\000b\000i\000l\000i\000t\000y\000\040\000o\000r\000\040\000I\000n\000b\000o\000x}{section.92}% 68
\BOOKMARK [2][-]{subsection.94}{\376\377\000C\000y\000c\000l\000e\000\040\000T\000i\000m\000e\000\040\000N\000o\000t\000i\000f\000i\000c\000a\000t\000i\000o\000n\000s\000\040\000f\000o\000r\000\040\000W\000o\000r\000k\000f\000l\000o\000w\000\040\000S\000t\000e\000p\000s}{section.92}% 69
\BOOKMARK [1][-]{section.95}{\376\377\000V\000e\000r\000s\000i\000o\000n\000a\000m\000i\000e\000n\000t\000o\000\040\000e\000n\000c\000a\000d\000e\000n\000a\000d\000o\000\040\000d\000e\000\040\000e\000v\000a\000l\000u\000a\000c\000i\000o\000n\000e\000s\000\040\000d\000e\000b\000i\000d\000o\000\040\000a\000l\000\040\000v\000e\000r\000s\000i\000o\000n\000a\000m\000i\000e\000n\000t\000o\000\040\000d\000e\000\040\000c\000o\000m\000p\000e\000t\000e\000n\000c\000i\000a\000s}{chapter.83}% 70
\BOOKMARK [2][-]{subsection.96}{\376\377\000V\000e\000r\000s\000i\000o\000n\000i\000n\000g\000\040\000f\000o\000r\000\040\000A\000s\000s\000e\000s\000s\000m\000e\000n\000t\000s}{section.95}% 71
\BOOKMARK [1][-]{section.97}{\376\377\000F\000l\000u\000j\000o\000\040\000d\000e\000\040\000t\000r\000a\000b\000a\000j\000o\000\040\000p\000a\000r\000a\000\040\000e\000l\000\040\000v\000e\000r\000s\000i\000o\000n\000a\000m\000i\000e\000n\000t\000o\000\040\000d\000e\000\040\000c\000u\000r\000s\000o\000s}{chapter.83}% 72
\BOOKMARK [2][-]{subsection.98}{\376\377\000C\000o\000u\000r\000s\000e\000\040\000V\000e\000r\000s\000i\000o\000n\000i\000n\000g}{section.97}% 73
\BOOKMARK [2][-]{subsection.99}{\376\377\000C\000o\000u\000r\000s\000e\000\040\000D\000e\000t\000a\000i\000l\000:\000\040\000C\000o\000u\000r\000s\000e\000\040\000C\000o\000v\000e\000r\000\040\000I\000n\000f\000o}{section.97}% 74
\BOOKMARK [2][-]{subsection.100}{\376\377\000C\000o\000u\000r\000s\000e\000\040\000D\000e\000t\000a\000i\000l\000s\000:\000\040\000U\000n\000i\000t\000s\000\040\000a\000n\000d\000\040\000H\000o\000u\000r\000s}{section.97}% 75
\BOOKMARK [2][-]{subsection.101}{\376\377\000C\000u\000r\000r\000i\000c\000u\000l\000u\000m\000:\000\040\000C\000o\000u\000r\000s\000e\000\040\000S\000p\000e\000c\000i\000f\000i\000c\000a\000t\000i\000o\000n\000s}{section.97}% 76
\BOOKMARK [2][-]{subsection.102}{\376\377\000P\000r\000e\000r\000e\000q\000\040\000\046\000\040\000E\000n\000t\000r\000a\000n\000c\000e\000\040\000S\000k\000i\000l\000l\000s}{section.97}% 77
\BOOKMARK [2][-]{subsection.103}{\376\377\000C\000o\000u\000r\000s\000e\000\040\000C\000r\000e\000a\000t\000i\000o\000n\000/\000A\000p\000p\000r\000o\000v\000a\000l\000\040\000R\000e\000v\000i\000e\000w}{section.97}% 78
\BOOKMARK [2][-]{subsection.104}{\376\377\000L\000e\000a\000r\000n\000i\000n\000g\000\040\000O\000u\000t\000c\000o\000m\000e\000s}{section.97}% 79
\BOOKMARK [2][-]{subsection.105}{\376\377\000C\000u\000r\000r\000i\000c\000u\000l\000u\000m\000:\000\040\000A\000s\000s\000i\000g\000n\000\040\000C\000l\000a\000s\000s\000i\000f\000i\000c\000a\000t\000i\000o\000n\000\040\000C\000o\000d\000e\000s}{section.97}% 80
\BOOKMARK [1][-]{section.106}{\376\377\000F\000l\000u\000j\000o\000\040\000d\000e\000\040\000t\000r\000a\000b\000a\000j\000o\000\040\000p\000a\000r\000a\000\040\000e\000l\000\040\000v\000e\000r\000s\000i\000o\000n\000a\000m\000i\000e\000n\000t\000o\000\040\000d\000e\000\040\000p\000r\000o\000g\000r\000a\000m\000a\000s\000\040\000d\000e\000\040\000e\000s\000t\000u\000d\000i\000o}{chapter.83}% 81
\BOOKMARK [2][-]{subsection.107}{\376\377\000P\000r\000o\000g\000r\000a\000m\000\040\000w\000o\000r\000k\000f\000l\000o\000w\000\040\000\046\000\040\000C\000o\000v\000e\000r\000\040\000I\000n\000f\000o}{section.106}% 82
\BOOKMARK [2][-]{subsection.108}{\376\377\000P\000r\000o\000g\000r\000a\000m\000\040\000L\000e\000a\000r\000n\000i\000n\000g\000\040\000O\000u\000t\000c\000o\000m\000e\000s\000\040\000W\000o\000r\000k\000f\000l\000o\000w\000\040\000S\000t\000e\000p}{section.106}% 83
\BOOKMARK [2][-]{subsection.109}{\376\377\000C\000o\000u\000r\000s\000e\000\040\000B\000l\000o\000c\000k\000s\000\040\000f\000o\000r\000\040\000P\000r\000o\000g\000r\000a\000m}{section.106}% 84
\BOOKMARK [2][-]{subsection.110}{\376\377\000V\000i\000s\000u\000a\000l\000i\000z\000e\000\040\000C\000h\000a\000n\000g\000e\000s\000\040\000i\000n\000\040\000A\000L\000L\000\040\000f\000i\000e\000l\000d\000s\000\040\000i\000n\000\040\000C\000u\000r\000r\000i\000c\000u\000l\000u\000m\000\040\000[\000U\000X\000]}{section.106}% 85
\BOOKMARK [1][-]{section.111}{\376\377\000S\000o\000p\000o\000r\000t\000e\000\040\000d\000e\000\040\000e\000t\000a\000p\000a\000s\000\040\000e\000n\000\040\000l\000o\000s\000\040\000f\000l\000u\000j\000o\000s\000\040\000d\000e\000\040\000t\000r\000a\000b\000a\000j\000o}{chapter.83}% 86
\BOOKMARK [2][-]{subsection.112}{\376\377\000I\000m\000p\000r\000o\000v\000e\000d\000\040\000W\000o\000r\000k\000f\000l\000o\000w\000\040\000S\000t\000e\000p\000s\000\040\000b\000e\000h\000a\000v\000i\000o\000u\000r\000s\000\040\000f\000o\000r\000\040\000R\000o\000l\000e\000s}{section.111}% 87
\BOOKMARK [2][-]{subsection.113}{\376\377\000E\000d\000i\000t\000o\000r\000\040\000a\000n\000d\000\040\000C\000r\000e\000a\000t\000o\000r\000\040\000R\000o\000l\000e\000s\000\040\000f\000o\000r\000\040\000C\000u\000r\000r\000i\000c\000u\000l\000u\000m\000\040\000S\000t\000e\000p\000s}{section.111}% 88
\BOOKMARK [2][-]{subsection.114}{\376\377\000C\000u\000r\000r\000i\000c\000u\000l\000u\000m\000\040\000W\000o\000r\000k\000f\000l\000o\000w\000\040\000B\000e\000h\000a\000v\000i\000o\000r\000:\000\040\000C\000o\000m\000p\000o\000s\000a\000b\000l\000e\000\040\000S\000t\000e\000p\000s\000/\000S\000t\000a\000g\000e\000s}{section.111}% 89
\BOOKMARK [2][-]{subsection.115}{\376\377\000O\000p\000t\000i\000o\000n\000a\000l\000\040\000s\000t\000e\000p\000s\000/\000p\000a\000r\000t\000s\000\040\000p\000e\000r\000\040\000s\000t\000a\000g\000e\000\040\000i\000n\000\040\000w\000o\000r\000k\000f\000l\000o\000w\000\040\000r\000e\000v\000i\000e\000w}{section.111}% 90
\BOOKMARK [1][-]{section.116}{\376\377\000R\000e\000p\000o\000r\000t\000e\000s\000\040\000d\000e\000\040\000v\000e\000r\000s\000i\000o\000n\000e\000s\000\040\000d\000e\000\040\000c\000u\000r\000s\000o\000s}{chapter.83}% 91
\BOOKMARK [2][-]{subsection.117}{\376\377\000C\000o\000u\000r\000s\000e\000\040\000O\000u\000t\000l\000i\000n\000e\000\040\000o\000f\000\040\000R\000e\000c\000o\000r\000d\000\040\000\050\000C\000O\000R\000\051\000\040\000R\000e\000p\000o\000r\000t}{section.116}% 92
\BOOKMARK [1][-]{section.118}{\376\377\000S\000o\000p\000o\000r\000t\000e\000\040\000d\000e\000\040\000v\000e\000r\000s\000i\000o\000n\000a\000m\000i\000e\000n\000t\000o\000\040\000e\000n\000\040\000e\000l\000\040\000A\000M\000S}{chapter.83}% 93
\BOOKMARK [2][-]{subsection.119}{\376\377\000T\000O\000P\000-\000C\000I\000P\000\040\000C\000r\000o\000s\000s\000w\000a\000l\000k\000\040\000U\000I}{section.118}% 94
\BOOKMARK [2][-]{subsection.120}{\376\377\000R\000e\000n\000a\000m\000e\000/\000R\000e\000o\000r\000g\000a\000n\000i\000z\000e\000\040\000T\000a\000b\000s\000\040\000f\000o\000r\000\040\000b\000e\000t\000t\000e\000r\000\040\000C\000u\000r\000r\000i\000c\000u\000l\000u\000m\000\040\000M\000o\000d\000u\000l\000e\000\040\000A\000p\000p\000e\000a\000r\000a\000n\000c\000e}{section.118}% 95
\BOOKMARK [2][-]{subsection.121}{\376\377\000I\000m\000p\000r\000o\000v\000e\000d\000\040\000F\000i\000l\000t\000e\000r\000/\000V\000i\000e\000w\000\040\000f\000o\000r\000\040\000C\000o\000u\000r\000s\000e\000/\000P\000r\000o\000g\000r\000a\000m\000\040\000L\000i\000s\000t\000i\000n\000g\000s}{section.118}% 96
\BOOKMARK [2][-]{subsection.122}{\376\377\000P\000r\000o\000g\000r\000a\000m\000\040\000C\000R\000U\000D\000\040\000s\000h\000o\000u\000l\000d\000\040\000w\000o\000r\000k\000\040\000w\000i\000t\000h\000o\000u\000t\000\040\000C\000u\000r\000r\000i\000c\000u\000l\000u\000m}{section.118}% 97
\BOOKMARK [2][-]{subsection.123}{\376\377\000C\000u\000r\000r\000i\000c\000u\000l\000u\000m\000\040\000L\000i\000s\000t\000i\000n\000g\000\040\000\050\000C\000o\000u\000r\000s\000e\000/\000P\000r\000o\000g\000r\000a\000m\000\051\000\040\000I\000m\000p\000r\000o\000v\000e\000d\000\040\000V\000i\000e\000w}{section.118}% 98
\BOOKMARK [2][-]{subsection.124}{\376\377\000R\000e\000p\000o\000r\000t\000\040\000S\000u\000p\000p\000o\000r\000t\000\040\000f\000o\000r\000\040\000S\000L\000O\000,\000\040\000C\000o\000u\000r\000s\000e\000\040\000a\000n\000d\000\040\000P\000r\000o\000g\000r\000a\000m\000\040\000v\000e\000r\000s\000i\000o\000n}{section.118}% 99
\BOOKMARK [1][-]{section.125}{\376\377\000R\000e\000t\000o\000q\000u\000e\000s\000\040\000f\000i\000n\000a\000l\000e\000s}{chapter.83}% 100
\BOOKMARK [2][-]{subsection.126}{\376\377\000U\000p\000d\000a\000t\000e\000\040\000C\000o\000u\000r\000s\000e\000\040\000W\000o\000r\000k\000f\000l\000o\000w}{section.125}% 101
\BOOKMARK [0][-]{chapter.127}{\376\377\000V\000a\000l\000i\000d\000a\000c\000i\000\363\000n\000\040\000d\000e\000l\000\040\000d\000e\000s\000a\000r\000r\000o\000l\000l\000o}{}% 102
\BOOKMARK [1][-]{section.128}{\376\377\000V\000a\000l\000i\000d\000a\000c\000i\000\363\000n\000\040\000p\000o\000r\000\040\000p\000a\000r\000t\000e\000\040\000d\000e\000l\000\040\000e\000q\000u\000i\000p\000o\000\040\000e\000d\000u\000c\000a\000t\000i\000v\000o}{chapter.127}% 103
\BOOKMARK [1][-]{section.129}{\376\377\000V\000a\000l\000i\000d\000a\000c\000i\000\363\000n\000\040\000p\000o\000r\000\040\000p\000a\000r\000t\000e\000\040\000d\000e\000\040\000l\000o\000s\000\040\000u\000s\000u\000a\000r\000i\000o\000s}{chapter.127}% 104
\BOOKMARK [0][-]{chapter.130}{\376\377\000C\000o\000n\000c\000l\000u\000s\000i\000\363\000n}{}% 105
\BOOKMARK [0][-]{chapter*.131}{\376\377\000B\000i\000b\000l\000i\000o\000g\000r\000a\000f\000\355\000a}{}% 106
